<?xml version="1.0" encoding="UTF-8"?>
<testng-results skipped="0" failed="1" ignored="0" total="3" passed="2">
  <reporter-output>
  </reporter-output>
  <suite name="Suite" duration-ms="39837" started-at="2020-09-04T02:54:48Z" finished-at="2020-09-04T02:55:28Z">
    <groups>
    </groups>
    <test name="Test" duration-ms="12163" started-at="2020-09-04T02:54:48Z" finished-at="2020-09-04T02:55:00Z">
      <class name="Academy.HomePageLogo">
        <test-method status="PASS" signature="initialize()[pri:0, instance:Academy.HomePageLogo@61230f6a]" name="initialize" is-config="true" duration-ms="7754" started-at="2020-09-04T02:54:48Z" finished-at="2020-09-04T02:54:56Z">
          <reporter-output>
          </reporter-output>
        </test-method> <!-- initialize -->
        <test-method status="PASS" signature="homePageLogoVerification()[pri:0, instance:Academy.HomePageLogo@61230f6a]" name="homePageLogoVerification" duration-ms="72" started-at="2020-09-04T02:54:56Z" finished-at="2020-09-04T02:54:56Z">
          <reporter-output>
          </reporter-output>
        </test-method> <!-- homePageLogoVerification -->
        <test-method status="PASS" signature="tearDown()[pri:0, instance:Academy.HomePageLogo@61230f6a]" name="tearDown" is-config="true" duration-ms="4317" started-at="2020-09-04T02:54:56Z" finished-at="2020-09-04T02:55:00Z">
          <reporter-output>
          </reporter-output>
        </test-method> <!-- tearDown -->
      </class> <!-- Academy.HomePageLogo -->
    </test> <!-- Test -->
    <test name="Test2" duration-ms="8898" started-at="2020-09-04T02:55:00Z" finished-at="2020-09-04T02:55:09Z">
      <class name="Academy.VerifyingProductName">
        <test-method status="PASS" signature="initialize()[pri:0, instance:Academy.VerifyingProductName@1700915]" name="initialize" is-config="true" duration-ms="7740" started-at="2020-09-04T02:55:00Z" finished-at="2020-09-04T02:55:08Z">
          <reporter-output>
          </reporter-output>
        </test-method> <!-- initialize -->
        <test-method status="PASS" signature="verifyProductName()[pri:0, instance:Academy.VerifyingProductName@1700915]" name="verifyProductName" duration-ms="1097" started-at="2020-09-04T02:55:08Z" finished-at="2020-09-04T02:55:09Z">
          <reporter-output>
          </reporter-output>
        </test-method> <!-- verifyProductName -->
        <test-method status="PASS" signature="tearDown()[pri:0, instance:Academy.VerifyingProductName@1700915]" name="tearDown" is-config="true" duration-ms="60" started-at="2020-09-04T02:55:09Z" finished-at="2020-09-04T02:55:09Z">
          <reporter-output>
          </reporter-output>
        </test-method> <!-- tearDown -->
      </class> <!-- Academy.VerifyingProductName -->
    </test> <!-- Test2 -->
    <test name="Test3" duration-ms="18388" started-at="2020-09-04T02:55:09Z" finished-at="2020-09-04T02:55:28Z">
      <class name="Academy.VerifyingShopButton">
        <test-method status="PASS" signature="initialize()[pri:0, instance:Academy.VerifyingShopButton@1ddf84b8]" name="initialize" is-config="true" duration-ms="7476" started-at="2020-09-04T02:55:09Z" finished-at="2020-09-04T02:55:17Z">
          <reporter-output>
          </reporter-output>
        </test-method> <!-- initialize -->
        <test-method status="FAIL" signature="verifyShopButtonDisplay()[pri:0, instance:Academy.VerifyingShopButton@1ddf84b8]" name="verifyShopButtonDisplay" duration-ms="10070" started-at="2020-09-04T02:55:17Z" finished-at="2020-09-04T02:55:27Z">
          <exception class="org.openqa.selenium.NoSuchElementException">
            <message>
              <![CDATA[no such element: Unable to locate element: {"method":"xpath","selector":"(//span[contains(text(),'Shop 1Now')])[1]"}
  (Session info: chrome=85.0.4183.83)
For documentation on this error, please visit: https://www.seleniumhq.org/exceptions/no_such_element.html
Build info: version: '3.141.59', revision: 'e82be7d358', time: '2018-11-14T08:17:03'
System info: host: 'LAPTOP-KL4N5VGH', ip: '192.168.0.11', os.name: 'Windows 10', os.arch: 'amd64', os.version: '10.0', java.version: '1.8.0_201'
Driver info: org.openqa.selenium.chrome.ChromeDriver
Capabilities {acceptInsecureCerts: false, browserName: chrome, browserVersion: 85.0.4183.83, chrome: {chromedriverVersion: 84.0.4147.30 (48b3e868b4cc0..., userDataDir: C:\Users\ASHUTO~1\AppData\L...}, goog:chromeOptions: {debuggerAddress: localhost:49427}, javascriptEnabled: true, networkConnectionEnabled: false, pageLoadStrategy: normal, platform: WINDOWS, platformName: WINDOWS, proxy: Proxy(), setWindowRect: true, strictFileInteractability: false, timeouts: {implicit: 0, pageLoad: 300000, script: 30000}, unhandledPromptBehavior: dismiss and notify, webauthn:virtualAuthenticators: true}
Session ID: 2ecab98e005d3ed606d6585a6b4f60b2
*** Element info: {Using=xpath, value=(//span[contains(text(),'Shop 1Now')])[1]}]]>
            </message>
            <full-stacktrace>
              <![CDATA[org.openqa.selenium.NoSuchElementException: no such element: Unable to locate element: {"method":"xpath","selector":"(//span[contains(text(),'Shop 1Now')])[1]"}
  (Session info: chrome=85.0.4183.83)
For documentation on this error, please visit: https://www.seleniumhq.org/exceptions/no_such_element.html
Build info: version: '3.141.59', revision: 'e82be7d358', time: '2018-11-14T08:17:03'
System info: host: 'LAPTOP-KL4N5VGH', ip: '192.168.0.11', os.name: 'Windows 10', os.arch: 'amd64', os.version: '10.0', java.version: '1.8.0_201'
Driver info: org.openqa.selenium.chrome.ChromeDriver
Capabilities {acceptInsecureCerts: false, browserName: chrome, browserVersion: 85.0.4183.83, chrome: {chromedriverVersion: 84.0.4147.30 (48b3e868b4cc0..., userDataDir: C:\Users\ASHUTO~1\AppData\L...}, goog:chromeOptions: {debuggerAddress: localhost:49427}, javascriptEnabled: true, networkConnectionEnabled: false, pageLoadStrategy: normal, platform: WINDOWS, platformName: WINDOWS, proxy: Proxy(), setWindowRect: true, strictFileInteractability: false, timeouts: {implicit: 0, pageLoad: 300000, script: 30000}, unhandledPromptBehavior: dismiss and notify, webauthn:virtualAuthenticators: true}
Session ID: 2ecab98e005d3ed606d6585a6b4f60b2
*** Element info: {Using=xpath, value=(//span[contains(text(),'Shop 1Now')])[1]}
at sun.reflect.NativeConstructorAccessorImpl.newInstance0(Native Method)
at sun.reflect.NativeConstructorAccessorImpl.newInstance(NativeConstructorAccessorImpl.java:62)
at sun.reflect.DelegatingConstructorAccessorImpl.newInstance(DelegatingConstructorAccessorImpl.java:45)
at java.lang.reflect.Constructor.newInstance(Constructor.java:423)
at org.openqa.selenium.remote.http.W3CHttpResponseCodec.createException(W3CHttpResponseCodec.java:187)
at org.openqa.selenium.remote.http.W3CHttpResponseCodec.decode(W3CHttpResponseCodec.java:122)
at org.openqa.selenium.remote.http.W3CHttpResponseCodec.decode(W3CHttpResponseCodec.java:49)
at org.openqa.selenium.remote.HttpCommandExecutor.execute(HttpCommandExecutor.java:158)
at org.openqa.selenium.remote.service.DriverCommandExecutor.execute(DriverCommandExecutor.java:83)
at org.openqa.selenium.remote.RemoteWebDriver.execute(RemoteWebDriver.java:552)
at org.openqa.selenium.remote.RemoteWebDriver.findElement(RemoteWebDriver.java:323)
at org.openqa.selenium.remote.RemoteWebDriver.findElementByXPath(RemoteWebDriver.java:428)
at org.openqa.selenium.By$ByXPath.findElement(By.java:353)
at org.openqa.selenium.remote.RemoteWebDriver.findElement(RemoteWebDriver.java:315)
at pageObjects.HomePage.getshopbutton(HomePage.java:29)
at Academy.VerifyingShopButton.verifyShopButtonDisplay(VerifyingShopButton.java:28)
at sun.reflect.NativeMethodAccessorImpl.invoke0(Native Method)
at sun.reflect.NativeMethodAccessorImpl.invoke(NativeMethodAccessorImpl.java:62)
at sun.reflect.DelegatingMethodAccessorImpl.invoke(DelegatingMethodAccessorImpl.java:43)
at java.lang.reflect.Method.invoke(Method.java:498)
at org.testng.internal.MethodInvocationHelper.invokeMethod(MethodInvocationHelper.java:124)
at org.testng.internal.Invoker.invokeMethod(Invoker.java:583)
at org.testng.internal.Invoker.invokeTestMethod(Invoker.java:719)
at org.testng.internal.Invoker.invokeTestMethods(Invoker.java:989)
at org.testng.internal.TestMethodWorker.invokeTestMethods(TestMethodWorker.java:125)
at org.testng.internal.TestMethodWorker.run(TestMethodWorker.java:109)
at org.testng.TestRunner.privateRun(TestRunner.java:648)
at org.testng.TestRunner.run(TestRunner.java:505)
at org.testng.SuiteRunner.runTest(SuiteRunner.java:455)
at org.testng.SuiteRunner.runSequentially(SuiteRunner.java:450)
at org.testng.SuiteRunner.privateRun(SuiteRunner.java:415)
at org.testng.SuiteRunner.run(SuiteRunner.java:364)
at org.testng.SuiteRunnerWorker.runSuite(SuiteRunnerWorker.java:52)
at org.testng.SuiteRunnerWorker.run(SuiteRunnerWorker.java:84)
at org.testng.TestNG.runSuitesSequentially(TestNG.java:1208)
at org.testng.TestNG.runSuitesLocally(TestNG.java:1137)
at org.testng.TestNG.runSuites(TestNG.java:1049)
at org.testng.TestNG.run(TestNG.java:1017)
at org.apache.maven.surefire.testng.TestNGExecutor.run(TestNGExecutor.java:284)
at org.apache.maven.surefire.testng.TestNGXmlTestSuite.execute(TestNGXmlTestSuite.java:75)
at org.apache.maven.surefire.testng.TestNGProvider.invoke(TestNGProvider.java:119)
at org.apache.maven.surefire.booter.ForkedBooter.runSuitesInProcess(ForkedBooter.java:428)
at org.apache.maven.surefire.booter.ForkedBooter.execute(ForkedBooter.java:162)
at org.apache.maven.surefire.booter.ForkedBooter.run(ForkedBooter.java:562)
at org.apache.maven.surefire.booter.ForkedBooter.main(ForkedBooter.java:548)
]]>
            </full-stacktrace>
          </exception> <!-- org.openqa.selenium.NoSuchElementException -->
          <reporter-output>
          </reporter-output>
        </test-method> <!-- verifyShopButtonDisplay -->
        <test-method status="PASS" signature="tearDown()[pri:0, instance:Academy.VerifyingShopButton@1ddf84b8]" name="tearDown" is-config="true" duration-ms="60" started-at="2020-09-04T02:55:28Z" finished-at="2020-09-04T02:55:28Z">
          <reporter-output>
          </reporter-output>
        </test-method> <!-- tearDown -->
      </class> <!-- Academy.VerifyingShopButton -->
    </test> <!-- Test3 -->
  </suite> <!-- Suite -->
</testng-results>
