<?xml version="1.0" encoding="UTF-8"?>
<testng-results skipped="0" failed="0" ignored="0" total="1" passed="1">
  <reporter-output>
  </reporter-output>
  <suite name="Default suite" duration-ms="8761" started-at="2020-09-25T19:33:26Z" finished-at="2020-09-25T19:33:35Z">
    <groups>
    </groups>
    <test name="Default test" duration-ms="8761" started-at="2020-09-25T19:33:26Z" finished-at="2020-09-25T19:33:35Z">
      <class name="Academy.VerifyingProductName">
        <test-method status="PASS" signature="initialize()[pri:0, instance:Academy.VerifyingProductName@548a102f]" name="initialize" is-config="true" duration-ms="7508" started-at="2020-09-25T19:33:26Z" finished-at="2020-09-25T19:33:33Z">
          <reporter-output>
          </reporter-output>
        </test-method> <!-- initialize -->
        <test-method status="PASS" signature="verifyProductName()[pri:0, instance:Academy.VerifyingProductName@548a102f]" name="verifyProductName" duration-ms="1157" started-at="2020-09-25T19:33:33Z" finished-at="2020-09-25T19:33:35Z">
          <reporter-output>
          </reporter-output>
        </test-method> <!-- verifyProductName -->
        <test-method status="PASS" signature="tearDown()[pri:0, instance:Academy.VerifyingProductName@548a102f]" name="tearDown" is-config="true" duration-ms="80" started-at="2020-09-25T19:33:35Z" finished-at="2020-09-25T19:33:35Z">
          <reporter-output>
          </reporter-output>
        </test-method> <!-- tearDown -->
      </class> <!-- Academy.VerifyingProductName -->
    </test> <!-- Default test -->
  </suite> <!-- Default suite -->
</testng-results>
